

Microchip Technology PIC18 LITE Macro Assembler V1.32 build 58300 
                                                                                               Wed Jul 17 03:43:08 2019

Microchip Technology Omniscient Code Generator (Lite mode) build 58300
     1                           	processor	18F45K50
     2                           	fnconf	rparam,??,?,0
     3                           	opt	pw 120
     4                           	opt	lm
     5                           	psect	idataCOMRAM,global,class=CODE,delta=1
     6                           	psect	cinit,global,reloc=2,class=CODE,delta=1
     7                           	psect	bssCOMRAM,global,class=COMRAM,space=1,delta=1
     8                           	psect	dataCOMRAM,global,class=COMRAM,space=1,delta=1
     9                           	psect	cstackCOMRAM,global,class=COMRAM,space=1,delta=1
    10                           	psect	text0,global,reloc=2,class=CODE,delta=1
    11                           	psect	text1,global,reloc=2,class=CODE,delta=1
    12                           	psect	text2,global,reloc=2,class=CODE,delta=1
    13                           	psect	text3,global,reloc=2,class=CODE,delta=1
    14                           	psect	text4,global,reloc=2,class=CODE,delta=1
    15                           	psect	text5,global,reloc=2,class=CODE,delta=1
    16                           	psect	text6,global,reloc=2,class=CODE,delta=1
    17                           	psect	text7,global,reloc=2,class=CODE,delta=1
    18                           	psect	text8,global,reloc=2,class=CODE,delta=1
    19                           	psect	text9,global,reloc=2,class=CODE,delta=1
    20                           	psect	text10,global,reloc=2,class=CODE,delta=1
    21                           	psect	text11,global,reloc=2,class=CODE,delta=1
    22                           	psect	text12,global,reloc=2,class=CODE,delta=1
    23                           	psect	intsave_regs,global,class=BIGRAM,space=1,delta=1
    24                           	psect	rparam,global,class=COMRAM,space=1,delta=1
    25  0000                     
    26                           	psect	idataCOMRAM
    27  007C40                     __pidataCOMRAM:
    28                           	opt stack 0
    29                           
    30                           ;initializer for _dummy
    31  007C40  0055               	dw	85
    32  0000                     _ACTCON	set	4021
    33  0000                     _ANSELA	set	3931
    34  0000                     _ANSELB	set	3932
    35  0000                     _ANSELC	set	3933
    36  0000                     _ANSELE	set	3935
    37  0000                     _LATB	set	3978
    38  0000                     _LATCbits	set	3979
    39  0000                     _LATEbits	set	3981
    40  0000                     _OSCCON	set	4051
    41  0000                     _OSCCON2	set	4050
    42  0000                     _OSCTUNE	set	3995
    43  0000                     _PIR1bits	set	3998
    44  0000                     _PORTA	set	3968
    45  0000                     _PORTBbits	set	3969
    46  0000                     _PORTC	set	3970
    47  0000                     _PORTE	set	3972
    48  0000                     _SSP1BUF	set	4041
    49  0000                     _SSP1CON1	set	4038
    50  0000                     _SSP1CON1bits	set	4038
    51  0000                     _SSP1STAT	set	4039
    52  0000                     _SSP1STATbits	set	4039
    53  0000                     _TRISA	set	3986
    54  0000                     _TRISAbits	set	3986
    55  0000                     _TRISB	set	3987
    56  0000                     _TRISBbits	set	3987
    57  0000                     _TRISCbits	set	3988
    58  0000                     _TRISEbits	set	3990
    59                           
    60                           ; #config settings
    61  0000                     
    62                           	psect	cinit
    63  007CE0                     __pcinit:
    64                           	opt stack 0
    65  007CE0                     start_initialization:
    66                           	opt stack 0
    67  007CE0                     __initialization:
    68                           	opt stack 0
    69                           
    70                           ; Clear objects allocated to COMRAM (16 bytes)
    71  007CE0  EE00  F001         	lfsr	0,__pbssCOMRAM
    72  007CE4  0E10               	movlw	16
    73  007CE6                     clear_0:
    74  007CE6  6AEE               	clrf	postinc0,c
    75  007CE8  06E8               	decf	wreg,f,c
    76  007CEA  E1FD               	bnz	clear_0
    77                           
    78                           ; Initialize objects allocated to COMRAM (2 bytes)
    79                           ; load TBLPTR registers with __pidataCOMRAM
    80  007CEC  0E40               	movlw	low __pidataCOMRAM
    81  007CEE  6EF6               	movwf	tblptrl,c
    82  007CF0  0E7C               	movlw	high __pidataCOMRAM
    83  007CF2  6EF7               	movwf	tblptrh,c
    84  007CF4  0E00               	movlw	low (__pidataCOMRAM shr (0+16))
    85  007CF6  6EF8               	movwf	tblptru,c
    86  007CF8  0009               	tblrd		*+	;fetch initializer
    87  007CFA  CFF5 F016          	movff	tablat,__pdataCOMRAM
    88  007CFE  0009               	tblrd		*+	;fetch initializer
    89  007D00  CFF5 F017          	movff	tablat,__pdataCOMRAM+1
    90  007D04                     end_of_initialization:
    91                           	opt stack 0
    92  007D04                     __end_of__initialization:
    93                           	opt stack 0
    94  007D04  0E00               	movlw	low (__Lmediumconst shr (0+16))
    95  007D06  6EF8               	movwf	tblptru,c
    96  007D08  0100               	movlb	0
    97  007D0A  EFA2  F03E         	goto	_main	;jump to C main() function
    98                           tblptru	equ	0xFF8
    99                           tblptrh	equ	0xFF7
   100                           tblptrl	equ	0xFF6
   101                           tablat	equ	0xFF5
   102                           postinc0	equ	0xFEE
   103                           wreg	equ	0xFE8
   104                           
   105                           	psect	bssCOMRAM
   106  000001                     __pbssCOMRAM:
   107                           	opt stack 0
   108  000001                     _BYTE_RX:
   109                           	opt stack 0
   110  000001                     	ds	2
   111  000003                     _dir:
   112                           	opt stack 0
   113  000003                     	ds	2
   114  000005                     _dir0:
   115                           	opt stack 0
   116  000005                     	ds	2
   117  000007                     _dir1:
   118                           	opt stack 0
   119  000007                     	ds	2
   120  000009                     _dir2:
   121                           	opt stack 0
   122  000009                     	ds	2
   123  00000B                     _dn:
   124                           	opt stack 0
   125  00000B                     	ds	2
   126  00000D                     _dn1:
   127                           	opt stack 0
   128  00000D                     	ds	2
   129  00000F                     _stat:
   130                           	opt stack 0
   131  00000F                     	ds	2
   132                           tblptru	equ	0xFF8
   133                           tblptrh	equ	0xFF7
   134                           tblptrl	equ	0xFF6
   135                           tablat	equ	0xFF5
   136                           postinc0	equ	0xFEE
   137                           wreg	equ	0xFE8
   138                           
   139                           	psect	dataCOMRAM
   140  000016                     __pdataCOMRAM:
   141                           	opt stack 0
   142  000016                     _dummy:
   143                           	opt stack 0
   144  000016                     	ds	2
   145                           tblptru	equ	0xFF8
   146                           tblptrh	equ	0xFF7
   147                           tblptrl	equ	0xFF6
   148                           tablat	equ	0xFF5
   149                           postinc0	equ	0xFEE
   150                           wreg	equ	0xFE8
   151                           
   152                           	psect	cstackCOMRAM
   153  000011                     __pcstackCOMRAM:
   154                           	opt stack 0
   155  000011                     ??_delay_1s:
   156  000011                     ??_Led_parlante:
   157  000011                     OpenSPI1@bus_mode:
   158                           	opt stack 0
   159  000011                     WriteSPI1@TempVar:
   160                           	opt stack 0
   161                           
   162                           ; 1 bytes @ 0x0
   163  000011                     	ds	1
   164  000012                     OpenSPI1@smp_phase:
   165                           	opt stack 0
   166  000012                     WriteSPI1@data_out:
   167                           	opt stack 0
   168                           
   169                           ; 1 bytes @ 0x1
   170  000012                     	ds	1
   171  000013                     Write_Char_nRF@caracter:
   172                           	opt stack 0
   173  000013                     OpenSPI1@sync_mode:
   174                           	opt stack 0
   175                           
   176                           ; 1 bytes @ 0x2
   177  000013                     	ds	1
   178  000014                     ??_Ini_nRF:
   179                           
   180                           ; 0 bytes @ 0x3
   181  000014                     	ds	1
   182  000015                     ??_main:
   183                           
   184                           ; 0 bytes @ 0x4
   185  000015                     	ds	1
   186                           tblptru	equ	0xFF8
   187                           tblptrh	equ	0xFF7
   188                           tblptrl	equ	0xFF6
   189                           tablat	equ	0xFF5
   190                           postinc0	equ	0xFEE
   191                           wreg	equ	0xFE8
   192                           
   193 ;;
   194 ;;Main: autosize = 0, tempsize = 1, incstack = 0, save=0
   195 ;;
   196 ;; *************** function _main *****************
   197 ;; Defined at:
   198 ;;		line 280 in file "main.c"
   199 ;; Parameters:    Size  Location     Type
   200 ;;		None
   201 ;; Auto vars:     Size  Location     Type
   202 ;;		None
   203 ;; Return value:  Size  Location     Type
   204 ;;		None               void
   205 ;; Registers used:
   206 ;;		wreg, status,2, status,0, cstack
   207 ;; Tracked objects:
   208 ;;		On entry : 0/0
   209 ;;		On exit  : 0/0
   210 ;;		Unchanged: 0/0
   211 ;; Data sizes:     COMRAM   BANK0   BANK1   BANK2   BANK3   BANK4   BANK5   BANK6   BANK7
   212 ;;      Params:         0       0       0       0       0       0       0       0       0
   213 ;;      Locals:         0       0       0       0       0       0       0       0       0
   214 ;;      Temps:          1       0       0       0       0       0       0       0       0
   215 ;;      Totals:         1       0       0       0       0       0       0       0       0
   216 ;;Total ram usage:        1 bytes
   217 ;; Hardware stack levels required when called:    3
   218 ;; This function calls:
   219 ;;		_Ini_nRF
   220 ;;		_Initialize
   221 ;;		_Notificacion
   222 ;;		_TXmod_nRF
   223 ;;		_Write_Char_nRF
   224 ;;		_delay_1s
   225 ;; This function is called by:
   226 ;;		Startup code after reset
   227 ;; This function uses a non-reentrant model
   228 ;;
   229                           
   230                           	psect	text0
   231  007D44                     __ptext0:
   232                           	opt stack 0
   233  007D44                     _main:
   234                           	opt stack 28
   235                           
   236                           ;main.c: 282: Initialize();
   237                           
   238                           ;incstack = 0
   239  007D44  EC21  F03E         	call	_Initialize	;wreg free
   240                           
   241                           ;main.c: 283: _delay((unsigned long)((100)*(4000000/4000.0)));
   242  007D48  0E82               	movlw	130
   243  007D4A  6E15               	movwf	??_main& (0+255),c
   244  007D4C  0EDE               	movlw	222
   245  007D4E                     u57:
   246  007D4E  2EE8               	decfsz	wreg,f,c
   247  007D50  D7FE               	goto	u57
   248  007D52  2E15               	decfsz	??_main& (0+255),f,c
   249  007D54  D7FC               	goto	u57
   250                           
   251                           ;main.c: 284: Ini_nRF();
   252  007D56  EC95  F03F         	call	_Ini_nRF	;wreg free
   253                           
   254                           ;main.c: 285: _delay((unsigned long)((100)*(4000000/4000.0)));
   255  007D5A  0E82               	movlw	130
   256  007D5C  6E15               	movwf	??_main& (0+255),c
   257  007D5E  0EDE               	movlw	222
   258  007D60                     u67:
   259  007D60  2EE8               	decfsz	wreg,f,c
   260  007D62  D7FE               	goto	u67
   261  007D64  2E15               	decfsz	??_main& (0+255),f,c
   262  007D66  D7FC               	goto	u67
   263                           
   264                           ;main.c: 286: Notificacion();
   265  007D68  EC26  F03E         	call	_Notificacion	;wreg free
   266                           
   267                           ;main.c: 287: TXmod_nRF();
   268  007D6C  EC5C  F03E         	call	_TXmod_nRF	;wreg free
   269                           
   270                           ;main.c: 288: Notificacion();
   271  007D70  EC26  F03E         	call	_Notificacion	;wreg free
   272  007D74                     l1037:
   273                           
   274                           ;main.c: 292: {
   275                           ;main.c: 293: Write_Char_nRF('a');
   276  007D74  0E61               	movlw	97
   277  007D76  EC4A  F03E         	call	_Write_Char_nRF
   278                           
   279                           ;main.c: 294: delay_1s();
   280  007D7A  ECED  F03E         	call	_delay_1s	;wreg free
   281                           
   282                           ;main.c: 295: Notificacion();
   283  007D7E  EC26  F03E         	call	_Notificacion	;wreg free
   284  007D82  D7F8               	goto	l1037
   285  007D84                     __end_of_main:
   286                           	opt stack 0
   287                           tblptru	equ	0xFF8
   288                           tblptrh	equ	0xFF7
   289                           tblptrl	equ	0xFF6
   290                           tablat	equ	0xFF5
   291                           postinc0	equ	0xFEE
   292                           wreg	equ	0xFE8
   293                           
   294 ;; *************** function _Write_Char_nRF *****************
   295 ;; Defined at:
   296 ;;		line 136 in file "sensor.c"
   297 ;; Parameters:    Size  Location     Type
   298 ;;  caracter        1    wreg     unsigned char 
   299 ;; Auto vars:     Size  Location     Type
   300 ;;  caracter        1    2[COMRAM] unsigned char 
   301 ;; Return value:  Size  Location     Type
   302 ;;		None               void
   303 ;; Registers used:
   304 ;;		wreg, status,2, cstack
   305 ;; Tracked objects:
   306 ;;		On entry : 0/0
   307 ;;		On exit  : 0/0
   308 ;;		Unchanged: 0/0
   309 ;; Data sizes:     COMRAM   BANK0   BANK1   BANK2   BANK3   BANK4   BANK5   BANK6   BANK7
   310 ;;      Params:         0       0       0       0       0       0       0       0       0
   311 ;;      Locals:         1       0       0       0       0       0       0       0       0
   312 ;;      Temps:          0       0       0       0       0       0       0       0       0
   313 ;;      Totals:         1       0       0       0       0       0       0       0       0
   314 ;;Total ram usage:        1 bytes
   315 ;; Hardware stack levels used:    1
   316 ;; Hardware stack levels required when called:    1
   317 ;; This function calls:
   318 ;;		_WriteSPI1
   319 ;; This function is called by:
   320 ;;		_main
   321 ;; This function uses a non-reentrant model
   322 ;;
   323                           
   324                           	psect	text1
   325  007C94                     __ptext1:
   326                           	opt stack 0
   327  007C94                     _Write_Char_nRF:
   328                           	opt stack 29
   329                           
   330                           ;incstack = 0
   331                           ;Write_Char_nRF@caracter stored from wreg
   332  007C94  6E13               	movwf	Write_Char_nRF@caracter,c
   333                           
   334                           ;sensor.c: 138: PORTBbits.RB4=0;
   335  007C96  9881               	bcf	3969,4,c	;volatile
   336                           
   337                           ;sensor.c: 139: WriteSPI1(0xA0);
   338  007C98  0EA0               	movlw	160
   339  007C9A  EC3B  F03E         	call	_WriteSPI1
   340                           
   341                           ;sensor.c: 140: WriteSPI1(0x00);
   342  007C9E  0E00               	movlw	0
   343  007CA0  EC3B  F03E         	call	_WriteSPI1
   344                           
   345                           ;sensor.c: 141: WriteSPI1(caracter);
   346  007CA4  5013               	movf	Write_Char_nRF@caracter,w,c
   347  007CA6  EC3B  F03E         	call	_WriteSPI1
   348                           
   349                           ;sensor.c: 142: PORTBbits.RB4=1;
   350  007CAA  8881               	bsf	3969,4,c	;volatile
   351                           
   352                           ;sensor.c: 143: PORTBbits.RB5=1;
   353  007CAC  8A81               	bsf	3969,5,c	;volatile
   354                           
   355                           ;sensor.c: 144: _delay((unsigned long)((15)*(4000000/4000000.0)));
   356  007CAE  0E05               	movlw	5
   357  007CB0                     u77:
   358  007CB0  2EE8               	decfsz	wreg,f,c
   359  007CB2  D7FE               	goto	u77
   360                           
   361                           ;sensor.c: 145: PORTBbits.RB5=0;
   362  007CB4  9A81               	bcf	3969,5,c	;volatile
   363  007CB6  0012               	return	
   364  007CB8                     __end_of_Write_Char_nRF:
   365                           	opt stack 0
   366                           tblptru	equ	0xFF8
   367                           tblptrh	equ	0xFF7
   368                           tblptrl	equ	0xFF6
   369                           tablat	equ	0xFF5
   370                           postinc0	equ	0xFEE
   371                           wreg	equ	0xFE8
   372                           
   373 ;; *************** function _TXmod_nRF *****************
   374 ;; Defined at:
   375 ;;		line 90 in file "sensor.c"
   376 ;; Parameters:    Size  Location     Type
   377 ;;		None
   378 ;; Auto vars:     Size  Location     Type
   379 ;;		None
   380 ;; Return value:  Size  Location     Type
   381 ;;		None               void
   382 ;; Registers used:
   383 ;;		wreg, cstack
   384 ;; Tracked objects:
   385 ;;		On entry : 0/0
   386 ;;		On exit  : 0/0
   387 ;;		Unchanged: 0/0
   388 ;; Data sizes:     COMRAM   BANK0   BANK1   BANK2   BANK3   BANK4   BANK5   BANK6   BANK7
   389 ;;      Params:         0       0       0       0       0       0       0       0       0
   390 ;;      Locals:         0       0       0       0       0       0       0       0       0
   391 ;;      Temps:          0       0       0       0       0       0       0       0       0
   392 ;;      Totals:         0       0       0       0       0       0       0       0       0
   393 ;;Total ram usage:        0 bytes
   394 ;; Hardware stack levels used:    1
   395 ;; Hardware stack levels required when called:    1
   396 ;; This function calls:
   397 ;;		_WriteSPI1
   398 ;; This function is called by:
   399 ;;		_main
   400 ;; This function uses a non-reentrant model
   401 ;;
   402                           
   403                           	psect	text2
   404  007CB8                     __ptext2:
   405                           	opt stack 0
   406  007CB8                     _TXmod_nRF:
   407                           	opt stack 29
   408                           
   409                           ;sensor.c: 92: PORTBbits.RB5=0;
   410                           
   411                           ;incstack = 0
   412  007CB8  9A81               	bcf	3969,5,c	;volatile
   413                           
   414                           ;sensor.c: 93: _delay((unsigned long)((150)*(4000000/4000000.0)));
   415  007CBA  0E32               	movlw	50
   416  007CBC                     u87:
   417  007CBC  2EE8               	decfsz	wreg,f,c
   418  007CBE  D7FE               	goto	u87
   419                           
   420                           ;sensor.c: 94: PORTBbits.RB4=0;
   421  007CC0  9881               	bcf	3969,4,c	;volatile
   422                           
   423                           ;sensor.c: 95: WriteSPI1(0x20);
   424  007CC2  0E20               	movlw	32
   425  007CC4  EC3B  F03E         	call	_WriteSPI1
   426                           
   427                           ;sensor.c: 96: WriteSPI1(0x02);
   428  007CC8  0E02               	movlw	2
   429  007CCA  EC3B  F03E         	call	_WriteSPI1
   430                           
   431                           ;sensor.c: 97: PORTBbits.RB4=1;
   432  007CCE  8881               	bsf	3969,4,c	;volatile
   433                           
   434                           ;sensor.c: 98: _delay((unsigned long)((150)*(4000000/4000000.0)));
   435  007CD0  0E32               	movlw	50
   436  007CD2                     u97:
   437  007CD2  2EE8               	decfsz	wreg,f,c
   438  007CD4  D7FE               	goto	u97
   439                           
   440                           ;sensor.c: 99: PORTBbits.RB5=1;
   441  007CD6  8A81               	bsf	3969,5,c	;volatile
   442                           
   443                           ;sensor.c: 100: _delay((unsigned long)((150)*(4000000/4000000.0)));
   444  007CD8  0E32               	movlw	50
   445  007CDA                     u107:
   446  007CDA  2EE8               	decfsz	wreg,f,c
   447  007CDC  D7FE               	goto	u107
   448  007CDE  0012               	return	
   449  007CE0                     __end_of_TXmod_nRF:
   450                           	opt stack 0
   451                           tblptru	equ	0xFF8
   452                           tblptrh	equ	0xFF7
   453                           tblptrl	equ	0xFF6
   454                           tablat	equ	0xFF5
   455                           postinc0	equ	0xFEE
   456                           wreg	equ	0xFE8
   457                           
   458 ;; *************** function _Notificacion *****************
   459 ;; Defined at:
   460 ;;		line 99 in file "inicio.c"
   461 ;; Parameters:    Size  Location     Type
   462 ;;		None
   463 ;; Auto vars:     Size  Location     Type
   464 ;;		None
   465 ;; Return value:  Size  Location     Type
   466 ;;		None               void
   467 ;; Registers used:
   468 ;;		wreg, cstack
   469 ;; Tracked objects:
   470 ;;		On entry : 0/0
   471 ;;		On exit  : 0/0
   472 ;;		Unchanged: 0/0
   473 ;; Data sizes:     COMRAM   BANK0   BANK1   BANK2   BANK3   BANK4   BANK5   BANK6   BANK7
   474 ;;      Params:         0       0       0       0       0       0       0       0       0
   475 ;;      Locals:         0       0       0       0       0       0       0       0       0
   476 ;;      Temps:          0       0       0       0       0       0       0       0       0
   477 ;;      Totals:         0       0       0       0       0       0       0       0       0
   478 ;;Total ram usage:        0 bytes
   479 ;; Hardware stack levels used:    1
   480 ;; Hardware stack levels required when called:    2
   481 ;; This function calls:
   482 ;;		_Led_parlante
   483 ;;		_Notificar_Buzzer
   484 ;; This function is called by:
   485 ;;		_main
   486 ;; This function uses a non-reentrant model
   487 ;;
   488                           
   489                           	psect	text3
   490  007C4C                     __ptext3:
   491                           	opt stack 0
   492  007C4C                     _Notificacion:
   493                           	opt stack 28
   494                           
   495                           ;inicio.c: 101: Led_parlante();
   496                           
   497                           ;incstack = 0
   498  007C4C  EC34  F03F         	call	_Led_parlante	;wreg free
   499                           
   500                           ;inicio.c: 102: Notificar_Buzzer();
   501  007C50  EC2B  F03E         	call	_Notificar_Buzzer	;wreg free
   502  007C54  0012               	return	
   503  007C56                     __end_of_Notificacion:
   504                           	opt stack 0
   505                           tblptru	equ	0xFF8
   506                           tblptrh	equ	0xFF7
   507                           tblptrl	equ	0xFF6
   508                           tablat	equ	0xFF5
   509                           postinc0	equ	0xFEE
   510                           wreg	equ	0xFE8
   511                           
   512 ;; *************** function _Notificar_Buzzer *****************
   513 ;; Defined at:
   514 ;;		line 91 in file "inicio.c"
   515 ;; Parameters:    Size  Location     Type
   516 ;;		None
   517 ;; Auto vars:     Size  Location     Type
   518 ;;		None
   519 ;; Return value:  Size  Location     Type
   520 ;;		None               void
   521 ;; Registers used:
   522 ;;		wreg, cstack
   523 ;; Tracked objects:
   524 ;;		On entry : 0/0
   525 ;;		On exit  : 0/0
   526 ;;		Unchanged: 0/0
   527 ;; Data sizes:     COMRAM   BANK0   BANK1   BANK2   BANK3   BANK4   BANK5   BANK6   BANK7
   528 ;;      Params:         0       0       0       0       0       0       0       0       0
   529 ;;      Locals:         0       0       0       0       0       0       0       0       0
   530 ;;      Temps:          0       0       0       0       0       0       0       0       0
   531 ;;      Totals:         0       0       0       0       0       0       0       0       0
   532 ;;Total ram usage:        0 bytes
   533 ;; Hardware stack levels used:    1
   534 ;; Hardware stack levels required when called:    1
   535 ;; This function calls:
   536 ;;		_delay_1s
   537 ;; This function is called by:
   538 ;;		_Notificacion
   539 ;; This function uses a non-reentrant model
   540 ;;
   541                           
   542                           	psect	text4
   543  007C56                     __ptext4:
   544                           	opt stack 0
   545  007C56                     _Notificar_Buzzer:
   546                           	opt stack 28
   547                           
   548                           ;inicio.c: 93: LATCbits.LATC6=1;
   549                           
   550                           ;incstack = 0
   551  007C56  8C8B               	bsf	3979,6,c	;volatile
   552                           
   553                           ;inicio.c: 94: delay_1s();
   554  007C58  ECED  F03E         	call	_delay_1s	;wreg free
   555                           
   556                           ;inicio.c: 95: LATCbits.LATC6=0;
   557  007C5C  9C8B               	bcf	3979,6,c	;volatile
   558                           
   559                           ;inicio.c: 96: delay_1s();
   560  007C5E  ECED  F03E         	call	_delay_1s	;wreg free
   561  007C62  0012               	return	
   562  007C64                     __end_of_Notificar_Buzzer:
   563                           	opt stack 0
   564                           tblptru	equ	0xFF8
   565                           tblptrh	equ	0xFF7
   566                           tblptrl	equ	0xFF6
   567                           tablat	equ	0xFF5
   568                           postinc0	equ	0xFEE
   569                           wreg	equ	0xFE8
   570                           
   571 ;; *************** function _delay_1s *****************
   572 ;; Defined at:
   573 ;;		line 48 in file "inicio.c"
   574 ;; Parameters:    Size  Location     Type
   575 ;;		None
   576 ;; Auto vars:     Size  Location     Type
   577 ;;		None
   578 ;; Return value:  Size  Location     Type
   579 ;;		None               void
   580 ;; Registers used:
   581 ;;		wreg
   582 ;; Tracked objects:
   583 ;;		On entry : 0/0
   584 ;;		On exit  : 0/0
   585 ;;		Unchanged: 0/0
   586 ;; Data sizes:     COMRAM   BANK0   BANK1   BANK2   BANK3   BANK4   BANK5   BANK6   BANK7
   587 ;;      Params:         0       0       0       0       0       0       0       0       0
   588 ;;      Locals:         0       0       0       0       0       0       0       0       0
   589 ;;      Temps:          1       0       0       0       0       0       0       0       0
   590 ;;      Totals:         1       0       0       0       0       0       0       0       0
   591 ;;Total ram usage:        1 bytes
   592 ;; Hardware stack levels used:    1
   593 ;; This function calls:
   594 ;;		Nothing
   595 ;; This function is called by:
   596 ;;		_main
   597 ;;		_Notificar_Buzzer
   598 ;; This function uses a non-reentrant model
   599 ;;
   600                           
   601                           	psect	text5
   602  007DDA                     __ptext5:
   603                           	opt stack 0
   604  007DDA                     _delay_1s:
   605                           	opt stack 30
   606                           
   607                           ;inicio.c: 50: _delay((unsigned long)((100)*(4000000/4000.0)));
   608                           
   609                           ;incstack = 0
   610  007DDA  0E82               	movlw	130
   611  007DDC  6E11               	movwf	??_delay_1s& (0+255),c
   612  007DDE  0EDE               	movlw	222
   613  007DE0                     u117:
   614  007DE0  2EE8               	decfsz	wreg,f,c
   615  007DE2  D7FE               	goto	u117
   616  007DE4  2E11               	decfsz	??_delay_1s& (0+255),f,c
   617  007DE6  D7FC               	goto	u117
   618                           
   619                           ;inicio.c: 51: _delay((unsigned long)((100)*(4000000/4000.0)));
   620  007DE8  0E82               	movlw	130
   621  007DEA  6E11               	movwf	??_delay_1s& (0+255),c
   622  007DEC  0EDE               	movlw	222
   623  007DEE                     u127:
   624  007DEE  2EE8               	decfsz	wreg,f,c
   625  007DF0  D7FE               	goto	u127
   626  007DF2  2E11               	decfsz	??_delay_1s& (0+255),f,c
   627  007DF4  D7FC               	goto	u127
   628                           
   629                           ;inicio.c: 52: _delay((unsigned long)((100)*(4000000/4000.0)));
   630  007DF6  0E82               	movlw	130
   631  007DF8  6E11               	movwf	??_delay_1s& (0+255),c
   632  007DFA  0EDE               	movlw	222
   633  007DFC                     u137:
   634  007DFC  2EE8               	decfsz	wreg,f,c
   635  007DFE  D7FE               	goto	u137
   636  007E00  2E11               	decfsz	??_delay_1s& (0+255),f,c
   637  007E02  D7FC               	goto	u137
   638                           
   639                           ;inicio.c: 53: _delay((unsigned long)((100)*(4000000/4000.0)));
   640  007E04  0E82               	movlw	130
   641  007E06  6E11               	movwf	??_delay_1s& (0+255),c
   642  007E08  0EDE               	movlw	222
   643  007E0A                     u147:
   644  007E0A  2EE8               	decfsz	wreg,f,c
   645  007E0C  D7FE               	goto	u147
   646  007E0E  2E11               	decfsz	??_delay_1s& (0+255),f,c
   647  007E10  D7FC               	goto	u147
   648                           
   649                           ;inicio.c: 54: _delay((unsigned long)((100)*(4000000/4000.0)));
   650  007E12  0E82               	movlw	130
   651  007E14  6E11               	movwf	??_delay_1s& (0+255),c
   652  007E16  0EDE               	movlw	222
   653  007E18                     u157:
   654  007E18  2EE8               	decfsz	wreg,f,c
   655  007E1A  D7FE               	goto	u157
   656  007E1C  2E11               	decfsz	??_delay_1s& (0+255),f,c
   657  007E1E  D7FC               	goto	u157
   658                           
   659                           ;inicio.c: 55: _delay((unsigned long)((100)*(4000000/4000.0)));
   660  007E20  0E82               	movlw	130
   661  007E22  6E11               	movwf	??_delay_1s& (0+255),c
   662  007E24  0EDE               	movlw	222
   663  007E26                     u167:
   664  007E26  2EE8               	decfsz	wreg,f,c
   665  007E28  D7FE               	goto	u167
   666  007E2A  2E11               	decfsz	??_delay_1s& (0+255),f,c
   667  007E2C  D7FC               	goto	u167
   668                           
   669                           ;inicio.c: 56: _delay((unsigned long)((100)*(4000000/4000.0)));
   670  007E2E  0E82               	movlw	130
   671  007E30  6E11               	movwf	??_delay_1s& (0+255),c
   672  007E32  0EDE               	movlw	222
   673  007E34                     u177:
   674  007E34  2EE8               	decfsz	wreg,f,c
   675  007E36  D7FE               	goto	u177
   676  007E38  2E11               	decfsz	??_delay_1s& (0+255),f,c
   677  007E3A  D7FC               	goto	u177
   678                           
   679                           ;inicio.c: 57: _delay((unsigned long)((100)*(4000000/4000.0)));
   680  007E3C  0E82               	movlw	130
   681  007E3E  6E11               	movwf	??_delay_1s& (0+255),c
   682  007E40  0EDE               	movlw	222
   683  007E42                     u187:
   684  007E42  2EE8               	decfsz	wreg,f,c
   685  007E44  D7FE               	goto	u187
   686  007E46  2E11               	decfsz	??_delay_1s& (0+255),f,c
   687  007E48  D7FC               	goto	u187
   688                           
   689                           ;inicio.c: 58: _delay((unsigned long)((100)*(4000000/4000.0)));
   690  007E4A  0E82               	movlw	130
   691  007E4C  6E11               	movwf	??_delay_1s& (0+255),c
   692  007E4E  0EDE               	movlw	222
   693  007E50                     u197:
   694  007E50  2EE8               	decfsz	wreg,f,c
   695  007E52  D7FE               	goto	u197
   696  007E54  2E11               	decfsz	??_delay_1s& (0+255),f,c
   697  007E56  D7FC               	goto	u197
   698                           
   699                           ;inicio.c: 59: _delay((unsigned long)((100)*(4000000/4000.0)));
   700  007E58  0E82               	movlw	130
   701  007E5A  6E11               	movwf	??_delay_1s& (0+255),c
   702  007E5C  0EDE               	movlw	222
   703  007E5E                     u207:
   704  007E5E  2EE8               	decfsz	wreg,f,c
   705  007E60  D7FE               	goto	u207
   706  007E62  2E11               	decfsz	??_delay_1s& (0+255),f,c
   707  007E64  D7FC               	goto	u207
   708  007E66  0012               	return	
   709  007E68                     __end_of_delay_1s:
   710                           	opt stack 0
   711                           tblptru	equ	0xFF8
   712                           tblptrh	equ	0xFF7
   713                           tblptrl	equ	0xFF6
   714                           tablat	equ	0xFF5
   715                           postinc0	equ	0xFEE
   716                           wreg	equ	0xFE8
   717                           
   718 ;; *************** function _Led_parlante *****************
   719 ;; Defined at:
   720 ;;		line 63 in file "inicio.c"
   721 ;; Parameters:    Size  Location     Type
   722 ;;		None
   723 ;; Auto vars:     Size  Location     Type
   724 ;;		None
   725 ;; Return value:  Size  Location     Type
   726 ;;		None               void
   727 ;; Registers used:
   728 ;;		wreg
   729 ;; Tracked objects:
   730 ;;		On entry : 0/0
   731 ;;		On exit  : 0/0
   732 ;;		Unchanged: 0/0
   733 ;; Data sizes:     COMRAM   BANK0   BANK1   BANK2   BANK3   BANK4   BANK5   BANK6   BANK7
   734 ;;      Params:         0       0       0       0       0       0       0       0       0
   735 ;;      Locals:         0       0       0       0       0       0       0       0       0
   736 ;;      Temps:          1       0       0       0       0       0       0       0       0
   737 ;;      Totals:         1       0       0       0       0       0       0       0       0
   738 ;;Total ram usage:        1 bytes
   739 ;; Hardware stack levels used:    1
   740 ;; This function calls:
   741 ;;		Nothing
   742 ;; This function is called by:
   743 ;;		_Notificacion
   744 ;; This function uses a non-reentrant model
   745 ;;
   746                           
   747                           	psect	text6
   748  007E68                     __ptext6:
   749                           	opt stack 0
   750  007E68                     _Led_parlante:
   751                           	opt stack 29
   752                           
   753                           ;inicio.c: 65: LATEbits.LE1=1;
   754                           
   755                           ;incstack = 0
   756  007E68  828D               	bsf	3981,1,c	;volatile
   757                           
   758                           ;inicio.c: 66: _delay((unsigned long)((100)*(4000000/4000.0)));
   759  007E6A  0E82               	movlw	130
   760  007E6C  6E11               	movwf	??_Led_parlante& (0+255),c
   761  007E6E  0EDE               	movlw	222
   762  007E70                     u217:
   763  007E70  2EE8               	decfsz	wreg,f,c
   764  007E72  D7FE               	goto	u217
   765  007E74  2E11               	decfsz	??_Led_parlante& (0+255),f,c
   766  007E76  D7FC               	goto	u217
   767                           
   768                           ;inicio.c: 67: LATEbits.LE1=0;
   769  007E78  928D               	bcf	3981,1,c	;volatile
   770                           
   771                           ;inicio.c: 68: _delay((unsigned long)((100)*(4000000/4000.0)));
   772  007E7A  0E82               	movlw	130
   773  007E7C  6E11               	movwf	??_Led_parlante& (0+255),c
   774  007E7E  0EDE               	movlw	222
   775  007E80                     u227:
   776  007E80  2EE8               	decfsz	wreg,f,c
   777  007E82  D7FE               	goto	u227
   778  007E84  2E11               	decfsz	??_Led_parlante& (0+255),f,c
   779  007E86  D7FC               	goto	u227
   780                           
   781                           ;inicio.c: 69: LATEbits.LE1=1;
   782  007E88  828D               	bsf	3981,1,c	;volatile
   783                           
   784                           ;inicio.c: 70: _delay((unsigned long)((100)*(4000000/4000.0)));
   785  007E8A  0E82               	movlw	130
   786  007E8C  6E11               	movwf	??_Led_parlante& (0+255),c
   787  007E8E  0EDE               	movlw	222
   788  007E90                     u237:
   789  007E90  2EE8               	decfsz	wreg,f,c
   790  007E92  D7FE               	goto	u237
   791  007E94  2E11               	decfsz	??_Led_parlante& (0+255),f,c
   792  007E96  D7FC               	goto	u237
   793                           
   794                           ;inicio.c: 71: LATEbits.LE1=0;
   795  007E98  928D               	bcf	3981,1,c	;volatile
   796                           
   797                           ;inicio.c: 72: _delay((unsigned long)((100)*(4000000/4000.0)));
   798  007E9A  0E82               	movlw	130
   799  007E9C  6E11               	movwf	??_Led_parlante& (0+255),c
   800  007E9E  0EDE               	movlw	222
   801  007EA0                     u247:
   802  007EA0  2EE8               	decfsz	wreg,f,c
   803  007EA2  D7FE               	goto	u247
   804  007EA4  2E11               	decfsz	??_Led_parlante& (0+255),f,c
   805  007EA6  D7FC               	goto	u247
   806                           
   807                           ;inicio.c: 73: LATEbits.LE1=1;
   808  007EA8  828D               	bsf	3981,1,c	;volatile
   809                           
   810                           ;inicio.c: 74: _delay((unsigned long)((100)*(4000000/4000.0)));
   811  007EAA  0E82               	movlw	130
   812  007EAC  6E11               	movwf	??_Led_parlante& (0+255),c
   813  007EAE  0EDE               	movlw	222
   814  007EB0                     u257:
   815  007EB0  2EE8               	decfsz	wreg,f,c
   816  007EB2  D7FE               	goto	u257
   817  007EB4  2E11               	decfsz	??_Led_parlante& (0+255),f,c
   818  007EB6  D7FC               	goto	u257
   819                           
   820                           ;inicio.c: 75: LATEbits.LE1=0;
   821  007EB8  928D               	bcf	3981,1,c	;volatile
   822                           
   823                           ;inicio.c: 76: _delay((unsigned long)((100)*(4000000/4000.0)));
   824  007EBA  0E82               	movlw	130
   825  007EBC  6E11               	movwf	??_Led_parlante& (0+255),c
   826  007EBE  0EDE               	movlw	222
   827  007EC0                     u267:
   828  007EC0  2EE8               	decfsz	wreg,f,c
   829  007EC2  D7FE               	goto	u267
   830  007EC4  2E11               	decfsz	??_Led_parlante& (0+255),f,c
   831  007EC6  D7FC               	goto	u267
   832                           
   833                           ;inicio.c: 77: LATEbits.LE1=1;
   834  007EC8  828D               	bsf	3981,1,c	;volatile
   835                           
   836                           ;inicio.c: 78: _delay((unsigned long)((100)*(4000000/4000.0)));
   837  007ECA  0E82               	movlw	130
   838  007ECC  6E11               	movwf	??_Led_parlante& (0+255),c
   839  007ECE  0EDE               	movlw	222
   840  007ED0                     u277:
   841  007ED0  2EE8               	decfsz	wreg,f,c
   842  007ED2  D7FE               	goto	u277
   843  007ED4  2E11               	decfsz	??_Led_parlante& (0+255),f,c
   844  007ED6  D7FC               	goto	u277
   845                           
   846                           ;inicio.c: 79: LATEbits.LE1=0;
   847  007ED8  928D               	bcf	3981,1,c	;volatile
   848                           
   849                           ;inicio.c: 80: _delay((unsigned long)((100)*(4000000/4000.0)));
   850  007EDA  0E82               	movlw	130
   851  007EDC  6E11               	movwf	??_Led_parlante& (0+255),c
   852  007EDE  0EDE               	movlw	222
   853  007EE0                     u287:
   854  007EE0  2EE8               	decfsz	wreg,f,c
   855  007EE2  D7FE               	goto	u287
   856  007EE4  2E11               	decfsz	??_Led_parlante& (0+255),f,c
   857  007EE6  D7FC               	goto	u287
   858                           
   859                           ;inicio.c: 81: LATEbits.LE1=1;
   860  007EE8  828D               	bsf	3981,1,c	;volatile
   861                           
   862                           ;inicio.c: 82: _delay((unsigned long)((100)*(4000000/4000.0)));
   863  007EEA  0E82               	movlw	130
   864  007EEC  6E11               	movwf	??_Led_parlante& (0+255),c
   865  007EEE  0EDE               	movlw	222
   866  007EF0                     u297:
   867  007EF0  2EE8               	decfsz	wreg,f,c
   868  007EF2  D7FE               	goto	u297
   869  007EF4  2E11               	decfsz	??_Led_parlante& (0+255),f,c
   870  007EF6  D7FC               	goto	u297
   871                           
   872                           ;inicio.c: 83: LATEbits.LE1=0;
   873  007EF8  928D               	bcf	3981,1,c	;volatile
   874                           
   875                           ;inicio.c: 84: _delay((unsigned long)((100)*(4000000/4000.0)));
   876  007EFA  0E82               	movlw	130
   877  007EFC  6E11               	movwf	??_Led_parlante& (0+255),c
   878  007EFE  0EDE               	movlw	222
   879  007F00                     u307:
   880  007F00  2EE8               	decfsz	wreg,f,c
   881  007F02  D7FE               	goto	u307
   882  007F04  2E11               	decfsz	??_Led_parlante& (0+255),f,c
   883  007F06  D7FC               	goto	u307
   884                           
   885                           ;inicio.c: 85: LATEbits.LE1=1;
   886  007F08  828D               	bsf	3981,1,c	;volatile
   887                           
   888                           ;inicio.c: 86: _delay((unsigned long)((100)*(4000000/4000.0)));
   889  007F0A  0E82               	movlw	130
   890  007F0C  6E11               	movwf	??_Led_parlante& (0+255),c
   891  007F0E  0EDE               	movlw	222
   892  007F10                     u317:
   893  007F10  2EE8               	decfsz	wreg,f,c
   894  007F12  D7FE               	goto	u317
   895  007F14  2E11               	decfsz	??_Led_parlante& (0+255),f,c
   896  007F16  D7FC               	goto	u317
   897                           
   898                           ;inicio.c: 87: LATEbits.LE1=0;
   899  007F18  928D               	bcf	3981,1,c	;volatile
   900                           
   901                           ;inicio.c: 88: _delay((unsigned long)((100)*(4000000/4000.0)));
   902  007F1A  0E82               	movlw	130
   903  007F1C  6E11               	movwf	??_Led_parlante& (0+255),c
   904  007F1E  0EDE               	movlw	222
   905  007F20                     u327:
   906  007F20  2EE8               	decfsz	wreg,f,c
   907  007F22  D7FE               	goto	u327
   908  007F24  2E11               	decfsz	??_Led_parlante& (0+255),f,c
   909  007F26  D7FC               	goto	u327
   910  007F28  0012               	return	
   911  007F2A                     __end_of_Led_parlante:
   912                           	opt stack 0
   913                           tblptru	equ	0xFF8
   914                           tblptrh	equ	0xFF7
   915                           tblptrl	equ	0xFF6
   916                           tablat	equ	0xFF5
   917                           postinc0	equ	0xFEE
   918                           wreg	equ	0xFE8
   919                           
   920 ;; *************** function _Initialize *****************
   921 ;; Defined at:
   922 ;;		line 9 in file "inicio.c"
   923 ;; Parameters:    Size  Location     Type
   924 ;;		None
   925 ;; Auto vars:     Size  Location     Type
   926 ;;		None
   927 ;; Return value:  Size  Location     Type
   928 ;;		None               void
   929 ;; Registers used:
   930 ;;		wreg, status,2, cstack
   931 ;; Tracked objects:
   932 ;;		On entry : 0/0
   933 ;;		On exit  : 0/0
   934 ;;		Unchanged: 0/0
   935 ;; Data sizes:     COMRAM   BANK0   BANK1   BANK2   BANK3   BANK4   BANK5   BANK6   BANK7
   936 ;;      Params:         0       0       0       0       0       0       0       0       0
   937 ;;      Locals:         0       0       0       0       0       0       0       0       0
   938 ;;      Temps:          0       0       0       0       0       0       0       0       0
   939 ;;      Totals:         0       0       0       0       0       0       0       0       0
   940 ;;Total ram usage:        0 bytes
   941 ;; Hardware stack levels used:    1
   942 ;; Hardware stack levels required when called:    1
   943 ;; This function calls:
   944 ;;		_OSCILLATOR_Initialize
   945 ;;		_Pines
   946 ;; This function is called by:
   947 ;;		_main
   948 ;; This function uses a non-reentrant model
   949 ;;
   950                           
   951                           	psect	text7
   952  007C42                     __ptext7:
   953                           	opt stack 0
   954  007C42                     _Initialize:
   955                           	opt stack 29
   956                           
   957                           ;inicio.c: 14: OSCILLATOR_Initialize();
   958                           
   959                           ;incstack = 0
   960  007C42  EC32  F03E         	call	_OSCILLATOR_Initialize	;wreg free
   961                           
   962                           ;inicio.c: 15: Pines();
   963  007C46  EC87  F03E         	call	_Pines	;wreg free
   964  007C4A  0012               	return	
   965  007C4C                     __end_of_Initialize:
   966                           	opt stack 0
   967                           tblptru	equ	0xFF8
   968                           tblptrh	equ	0xFF7
   969                           tblptrl	equ	0xFF6
   970                           tablat	equ	0xFF5
   971                           postinc0	equ	0xFEE
   972                           wreg	equ	0xFE8
   973                           
   974 ;; *************** function _Pines *****************
   975 ;; Defined at:
   976 ;;		line 32 in file "inicio.c"
   977 ;; Parameters:    Size  Location     Type
   978 ;;		None
   979 ;; Auto vars:     Size  Location     Type
   980 ;;		None
   981 ;; Return value:  Size  Location     Type
   982 ;;		None               void
   983 ;; Registers used:
   984 ;;		wreg, status,2
   985 ;; Tracked objects:
   986 ;;		On entry : 0/0
   987 ;;		On exit  : 0/0
   988 ;;		Unchanged: 0/0
   989 ;; Data sizes:     COMRAM   BANK0   BANK1   BANK2   BANK3   BANK4   BANK5   BANK6   BANK7
   990 ;;      Params:         0       0       0       0       0       0       0       0       0
   991 ;;      Locals:         0       0       0       0       0       0       0       0       0
   992 ;;      Temps:          0       0       0       0       0       0       0       0       0
   993 ;;      Totals:         0       0       0       0       0       0       0       0       0
   994 ;;Total ram usage:        0 bytes
   995 ;; Hardware stack levels used:    1
   996 ;; This function calls:
   997 ;;		Nothing
   998 ;; This function is called by:
   999 ;;		_Initialize
  1000 ;; This function uses a non-reentrant model
  1001 ;;
  1002                           
  1003                           	psect	text8
  1004  007D0E                     __ptext8:
  1005                           	opt stack 0
  1006  007D0E                     _Pines:
  1007                           	opt stack 29
  1008                           
  1009                           ;inicio.c: 34: PORTA=0;
  1010                           
  1011                           ;incstack = 0
  1012  007D0E  0E00               	movlw	0
  1013  007D10  6E80               	movwf	3968,c	;volatile
  1014                           
  1015                           ;inicio.c: 35: TRISA=0;
  1016  007D12  0E00               	movlw	0
  1017  007D14  6E92               	movwf	3986,c	;volatile
  1018                           
  1019                           ;inicio.c: 36: ANSELA=0;
  1020  007D16  0E00               	movlw	0
  1021  007D18  010F               	movlb	15	; () banked
  1022  007D1A  6F5B               	movwf	91,b	;volatile
  1023                           
  1024                           ;inicio.c: 37: PORTE=0;
  1025  007D1C  0E00               	movlw	0
  1026  007D1E  6E84               	movwf	3972,c	;volatile
  1027                           
  1028                           ; BSR set to: 15
  1029                           ;inicio.c: 38: TRISEbits.RE1=0;
  1030  007D20  9296               	bcf	3990,1,c	;volatile
  1031                           
  1032                           ;inicio.c: 39: ANSELE=0;
  1033  007D22  0E00               	movlw	0
  1034  007D24  010F               	movlb	15	; () banked
  1035  007D26  6F5F               	movwf	95,b	;volatile
  1036                           
  1037                           ;inicio.c: 40: PORTC=0;
  1038  007D28  0E00               	movlw	0
  1039  007D2A  6E82               	movwf	3970,c	;volatile
  1040                           
  1041                           ; BSR set to: 15
  1042                           ;inicio.c: 41: TRISCbits.RC6=0;
  1043  007D2C  9C94               	bcf	3988,6,c	;volatile
  1044                           
  1045                           ;inicio.c: 42: ANSELC=0;
  1046  007D2E  0E00               	movlw	0
  1047  007D30  010F               	movlb	15	; () banked
  1048  007D32  6F5D               	movwf	93,b	;volatile
  1049                           
  1050                           ;inicio.c: 43: TRISB=0x01 ;
  1051  007D34  0E01               	movlw	1
  1052  007D36  6E93               	movwf	3987,c	;volatile
  1053                           
  1054                           ;inicio.c: 44: ANSELB=0;
  1055  007D38  0E00               	movlw	0
  1056  007D3A  010F               	movlb	15	; () banked
  1057  007D3C  6F5C               	movwf	92,b	;volatile
  1058                           
  1059                           ;inicio.c: 45: LATB=0x10 ;
  1060  007D3E  0E10               	movlw	16
  1061  007D40  6E8A               	movwf	3978,c	;volatile
  1062                           
  1063                           ; BSR set to: 15
  1064  007D42  0012               	return	
  1065  007D44                     __end_of_Pines:
  1066                           	opt stack 0
  1067                           tblptru	equ	0xFF8
  1068                           tblptrh	equ	0xFF7
  1069                           tblptrl	equ	0xFF6
  1070                           tablat	equ	0xFF5
  1071                           postinc0	equ	0xFEE
  1072                           wreg	equ	0xFE8
  1073                           
  1074 ;; *************** function _OSCILLATOR_Initialize *****************
  1075 ;; Defined at:
  1076 ;;		line 20 in file "inicio.c"
  1077 ;; Parameters:    Size  Location     Type
  1078 ;;		None
  1079 ;; Auto vars:     Size  Location     Type
  1080 ;;		None
  1081 ;; Return value:  Size  Location     Type
  1082 ;;		None               void
  1083 ;; Registers used:
  1084 ;;		wreg, status,2
  1085 ;; Tracked objects:
  1086 ;;		On entry : 0/0
  1087 ;;		On exit  : 0/0
  1088 ;;		Unchanged: 0/0
  1089 ;; Data sizes:     COMRAM   BANK0   BANK1   BANK2   BANK3   BANK4   BANK5   BANK6   BANK7
  1090 ;;      Params:         0       0       0       0       0       0       0       0       0
  1091 ;;      Locals:         0       0       0       0       0       0       0       0       0
  1092 ;;      Temps:          0       0       0       0       0       0       0       0       0
  1093 ;;      Totals:         0       0       0       0       0       0       0       0       0
  1094 ;;Total ram usage:        0 bytes
  1095 ;; Hardware stack levels used:    1
  1096 ;; This function calls:
  1097 ;;		Nothing
  1098 ;; This function is called by:
  1099 ;;		_Initialize
  1100 ;; This function uses a non-reentrant model
  1101 ;;
  1102                           
  1103                           	psect	text9
  1104  007C64                     __ptext9:
  1105                           	opt stack 0
  1106  007C64                     _OSCILLATOR_Initialize:
  1107                           	opt stack 29
  1108                           
  1109                           ;inicio.c: 23: OSCCON = 0x52;
  1110                           
  1111                           ; BSR set to: 15
  1112                           ;incstack = 0
  1113  007C64  0E52               	movlw	82
  1114  007C66  6ED3               	movwf	4051,c	;volatile
  1115                           
  1116                           ;inicio.c: 25: OSCCON2 = 0x00;
  1117  007C68  0E00               	movlw	0
  1118  007C6A  6ED2               	movwf	4050,c	;volatile
  1119                           
  1120                           ;inicio.c: 27: OSCTUNE = 0x00;
  1121  007C6C  0E00               	movlw	0
  1122  007C6E  6E9B               	movwf	3995,c	;volatile
  1123                           
  1124                           ;inicio.c: 29: ACTCON = 0x00;
  1125  007C70  0E00               	movlw	0
  1126  007C72  6EB5               	movwf	4021,c	;volatile
  1127  007C74  0012               	return	
  1128  007C76                     __end_of_OSCILLATOR_Initialize:
  1129                           	opt stack 0
  1130                           tblptru	equ	0xFF8
  1131                           tblptrh	equ	0xFF7
  1132                           tblptrl	equ	0xFF6
  1133                           tablat	equ	0xFF5
  1134                           postinc0	equ	0xFEE
  1135                           wreg	equ	0xFE8
  1136                           
  1137 ;; *************** function _Ini_nRF *****************
  1138 ;; Defined at:
  1139 ;;		line 11 in file "sensor.c"
  1140 ;; Parameters:    Size  Location     Type
  1141 ;;		None
  1142 ;; Auto vars:     Size  Location     Type
  1143 ;;		None
  1144 ;; Return value:  Size  Location     Type
  1145 ;;		None               void
  1146 ;; Registers used:
  1147 ;;		wreg, status,2, status,0, cstack
  1148 ;; Tracked objects:
  1149 ;;		On entry : 0/0
  1150 ;;		On exit  : 0/0
  1151 ;;		Unchanged: 0/0
  1152 ;; Data sizes:     COMRAM   BANK0   BANK1   BANK2   BANK3   BANK4   BANK5   BANK6   BANK7
  1153 ;;      Params:         0       0       0       0       0       0       0       0       0
  1154 ;;      Locals:         0       0       0       0       0       0       0       0       0
  1155 ;;      Temps:          1       0       0       0       0       0       0       0       0
  1156 ;;      Totals:         1       0       0       0       0       0       0       0       0
  1157 ;;Total ram usage:        1 bytes
  1158 ;; Hardware stack levels used:    1
  1159 ;; Hardware stack levels required when called:    1
  1160 ;; This function calls:
  1161 ;;		_OpenSPI1
  1162 ;;		_WriteSPI1
  1163 ;; This function is called by:
  1164 ;;		_main
  1165 ;; This function uses a non-reentrant model
  1166 ;;
  1167                           
  1168                           	psect	text10
  1169  007F2A                     __ptext10:
  1170                           	opt stack 0
  1171  007F2A                     _Ini_nRF:
  1172                           	opt stack 29
  1173                           
  1174                           ;sensor.c: 13: OpenSPI1(0b00000001, 0b00000000, 0b10000000);
  1175                           
  1176                           ;incstack = 0
  1177  007F2A  0E00               	movlw	0
  1178  007F2C  6E11               	movwf	OpenSPI1@bus_mode,c
  1179  007F2E  0E80               	movlw	128
  1180  007F30  6E12               	movwf	OpenSPI1@smp_phase,c
  1181  007F32  0E01               	movlw	1
  1182  007F34  ECC2  F03E         	call	_OpenSPI1
  1183                           
  1184                           ;sensor.c: 15: PORTBbits.RB4=0;
  1185  007F38  9881               	bcf	3969,4,c	;volatile
  1186                           
  1187                           ;sensor.c: 16: WriteSPI1(0x20);
  1188  007F3A  0E20               	movlw	32
  1189  007F3C  EC3B  F03E         	call	_WriteSPI1
  1190                           
  1191                           ;sensor.c: 17: WriteSPI1(0x02);
  1192  007F40  0E02               	movlw	2
  1193  007F42  EC3B  F03E         	call	_WriteSPI1
  1194                           
  1195                           ;sensor.c: 18: PORTBbits.RB4=1;
  1196  007F46  8881               	bsf	3969,4,c	;volatile
  1197                           
  1198                           ;sensor.c: 20: PORTBbits.RB4=0;
  1199  007F48  9881               	bcf	3969,4,c	;volatile
  1200                           
  1201                           ;sensor.c: 21: WriteSPI1(0x21);
  1202  007F4A  0E21               	movlw	33
  1203  007F4C  EC3B  F03E         	call	_WriteSPI1
  1204                           
  1205                           ;sensor.c: 22: WriteSPI1(0x00);
  1206  007F50  0E00               	movlw	0
  1207  007F52  EC3B  F03E         	call	_WriteSPI1
  1208                           
  1209                           ;sensor.c: 23: PORTBbits.RB4=1;
  1210  007F56  8881               	bsf	3969,4,c	;volatile
  1211                           
  1212                           ;sensor.c: 25: PORTBbits.RB4=0;
  1213  007F58  9881               	bcf	3969,4,c	;volatile
  1214                           
  1215                           ;sensor.c: 26: WriteSPI1(0x22);
  1216  007F5A  0E22               	movlw	34
  1217  007F5C  EC3B  F03E         	call	_WriteSPI1
  1218                           
  1219                           ;sensor.c: 27: WriteSPI1(0x01);
  1220  007F60  0E01               	movlw	1
  1221  007F62  EC3B  F03E         	call	_WriteSPI1
  1222                           
  1223                           ;sensor.c: 28: PORTBbits.RB4=1;
  1224  007F66  8881               	bsf	3969,4,c	;volatile
  1225                           
  1226                           ;sensor.c: 30: PORTBbits.RB4=0;
  1227  007F68  9881               	bcf	3969,4,c	;volatile
  1228                           
  1229                           ;sensor.c: 31: WriteSPI1(0x23);
  1230  007F6A  0E23               	movlw	35
  1231  007F6C  EC3B  F03E         	call	_WriteSPI1
  1232                           
  1233                           ;sensor.c: 32: WriteSPI1(0x01);
  1234  007F70  0E01               	movlw	1
  1235  007F72  EC3B  F03E         	call	_WriteSPI1
  1236                           
  1237                           ;sensor.c: 33: PORTBbits.RB4=1;
  1238  007F76  8881               	bsf	3969,4,c	;volatile
  1239                           
  1240                           ;sensor.c: 36: PORTBbits.RB4=0;
  1241  007F78  9881               	bcf	3969,4,c	;volatile
  1242                           
  1243                           ;sensor.c: 37: WriteSPI1(0x24);
  1244  007F7A  0E24               	movlw	36
  1245  007F7C  EC3B  F03E         	call	_WriteSPI1
  1246                           
  1247                           ;sensor.c: 38: WriteSPI1(0x00);
  1248  007F80  0E00               	movlw	0
  1249  007F82  EC3B  F03E         	call	_WriteSPI1
  1250                           
  1251                           ;sensor.c: 39: PORTBbits.RB4=1;
  1252  007F86  8881               	bsf	3969,4,c	;volatile
  1253                           
  1254                           ;sensor.c: 41: PORTBbits.RB4=0;
  1255  007F88  9881               	bcf	3969,4,c	;volatile
  1256                           
  1257                           ;sensor.c: 42: WriteSPI1(0x25);
  1258  007F8A  0E25               	movlw	37
  1259  007F8C  EC3B  F03E         	call	_WriteSPI1
  1260                           
  1261                           ;sensor.c: 43: WriteSPI1(0x01);
  1262  007F90  0E01               	movlw	1
  1263  007F92  EC3B  F03E         	call	_WriteSPI1
  1264                           
  1265                           ;sensor.c: 44: PORTBbits.RB4=1;
  1266  007F96  8881               	bsf	3969,4,c	;volatile
  1267                           
  1268                           ;sensor.c: 46: PORTBbits.RB4=0;
  1269  007F98  9881               	bcf	3969,4,c	;volatile
  1270                           
  1271                           ;sensor.c: 47: WriteSPI1(0x26);
  1272  007F9A  0E26               	movlw	38
  1273  007F9C  EC3B  F03E         	call	_WriteSPI1
  1274                           
  1275                           ;sensor.c: 48: WriteSPI1(0x26);
  1276  007FA0  0E26               	movlw	38
  1277  007FA2  EC3B  F03E         	call	_WriteSPI1
  1278                           
  1279                           ;sensor.c: 49: PORTBbits.RB4=1;
  1280  007FA6  8881               	bsf	3969,4,c	;volatile
  1281                           
  1282                           ;sensor.c: 51: PORTBbits.RB4=0;
  1283  007FA8  9881               	bcf	3969,4,c	;volatile
  1284                           
  1285                           ;sensor.c: 52: WriteSPI1(0x31);
  1286  007FAA  0E31               	movlw	49
  1287  007FAC  EC3B  F03E         	call	_WriteSPI1
  1288                           
  1289                           ;sensor.c: 53: WriteSPI1(0x0C);
  1290  007FB0  0E0C               	movlw	12
  1291  007FB2  EC3B  F03E         	call	_WriteSPI1
  1292                           
  1293                           ;sensor.c: 54: PORTBbits.RB4=1;
  1294  007FB6  8881               	bsf	3969,4,c	;volatile
  1295                           
  1296                           ;sensor.c: 56: PORTBbits.RB4=0;
  1297  007FB8  9881               	bcf	3969,4,c	;volatile
  1298                           
  1299                           ;sensor.c: 57: WriteSPI1(0x2A);
  1300  007FBA  0E2A               	movlw	42
  1301  007FBC  EC3B  F03E         	call	_WriteSPI1
  1302                           
  1303                           ;sensor.c: 58: WriteSPI1(0xA3);
  1304  007FC0  0EA3               	movlw	163
  1305  007FC2  EC3B  F03E         	call	_WriteSPI1
  1306                           
  1307                           ;sensor.c: 59: WriteSPI1(0xA3);
  1308  007FC6  0EA3               	movlw	163
  1309  007FC8  EC3B  F03E         	call	_WriteSPI1
  1310                           
  1311                           ;sensor.c: 60: WriteSPI1(0xA3);
  1312  007FCC  0EA3               	movlw	163
  1313  007FCE  EC3B  F03E         	call	_WriteSPI1
  1314                           
  1315                           ;sensor.c: 61: PORTBbits.RB4=1;
  1316  007FD2  8881               	bsf	3969,4,c	;volatile
  1317                           
  1318                           ;sensor.c: 63: PORTBbits.RB4=0;
  1319  007FD4  9881               	bcf	3969,4,c	;volatile
  1320                           
  1321                           ;sensor.c: 64: WriteSPI1(0x30);
  1322  007FD6  0E30               	movlw	48
  1323  007FD8  EC3B  F03E         	call	_WriteSPI1
  1324                           
  1325                           ;sensor.c: 65: WriteSPI1(0xA3);
  1326  007FDC  0EA3               	movlw	163
  1327  007FDE  EC3B  F03E         	call	_WriteSPI1
  1328                           
  1329                           ;sensor.c: 66: WriteSPI1(0xA3);
  1330  007FE2  0EA3               	movlw	163
  1331  007FE4  EC3B  F03E         	call	_WriteSPI1
  1332                           
  1333                           ;sensor.c: 67: WriteSPI1(0xA3);
  1334  007FE8  0EA3               	movlw	163
  1335  007FEA  EC3B  F03E         	call	_WriteSPI1
  1336                           
  1337                           ;sensor.c: 68: PORTBbits.RB4=1;
  1338  007FEE  8881               	bsf	3969,4,c	;volatile
  1339                           
  1340                           ;sensor.c: 71: _delay((unsigned long)((100)*(4000000/4000.0)));
  1341  007FF0  0E82               	movlw	130
  1342  007FF2  6E14               	movwf	??_Ini_nRF& (0+255),c
  1343  007FF4  0EDE               	movlw	222
  1344  007FF6                     u337:
  1345  007FF6  2EE8               	decfsz	wreg,f,c
  1346  007FF8  D7FE               	goto	u337
  1347  007FFA  2E14               	decfsz	??_Ini_nRF& (0+255),f,c
  1348  007FFC  D7FC               	goto	u337
  1349  007FFE  0012               	return	
  1350  008000                     __end_of_Ini_nRF:
  1351                           	opt stack 0
  1352                           tblptru	equ	0xFF8
  1353                           tblptrh	equ	0xFF7
  1354                           tblptrl	equ	0xFF6
  1355                           tablat	equ	0xFF5
  1356                           postinc0	equ	0xFEE
  1357                           wreg	equ	0xFE8
  1358                           
  1359 ;; *************** function _WriteSPI1 *****************
  1360 ;; Defined at:
  1361 ;;		line 13 in file "/opt/microchip/xc8/v1.32/sources/pic18/plib/SPI/spi1writ.c"
  1362 ;; Parameters:    Size  Location     Type
  1363 ;;  data_out        1    wreg     unsigned char 
  1364 ;; Auto vars:     Size  Location     Type
  1365 ;;  data_out        1    1[COMRAM] unsigned char 
  1366 ;;  TempVar         1    0[COMRAM] unsigned char 
  1367 ;; Return value:  Size  Location     Type
  1368 ;;                  1    wreg      char 
  1369 ;; Registers used:
  1370 ;;		wreg
  1371 ;; Tracked objects:
  1372 ;;		On entry : 0/0
  1373 ;;		On exit  : 0/0
  1374 ;;		Unchanged: 0/0
  1375 ;; Data sizes:     COMRAM   BANK0   BANK1   BANK2   BANK3   BANK4   BANK5   BANK6   BANK7
  1376 ;;      Params:         0       0       0       0       0       0       0       0       0
  1377 ;;      Locals:         2       0       0       0       0       0       0       0       0
  1378 ;;      Temps:          0       0       0       0       0       0       0       0       0
  1379 ;;      Totals:         2       0       0       0       0       0       0       0       0
  1380 ;;Total ram usage:        2 bytes
  1381 ;; Hardware stack levels used:    1
  1382 ;; This function calls:
  1383 ;;		Nothing
  1384 ;; This function is called by:
  1385 ;;		_Ini_nRF
  1386 ;;		_TXmod_nRF
  1387 ;;		_Write_Char_nRF
  1388 ;;		_RXmod_nRF
  1389 ;;		_Read_Status_nRF
  1390 ;;		_Clear_Status_nRF
  1391 ;;		_Read_Char_nRF
  1392 ;;		_Read_String_nRF
  1393 ;;		_Write_String_nRF
  1394 ;;		_FlushTx_nRF
  1395 ;;		_FlushRx_nRF
  1396 ;;		_RF_WRITE_ARRAY
  1397 ;;		_RF_READ_ARRAY
  1398 ;;		_RF_WRITE_BYTE
  1399 ;;		_RF_READ_BYTE
  1400 ;; This function uses a non-reentrant model
  1401 ;;
  1402                           
  1403                           	psect	text11
  1404  007C76                     __ptext11:
  1405                           	opt stack 0
  1406  007C76                     _WriteSPI1:
  1407                           	opt stack 29
  1408                           
  1409                           ;incstack = 0
  1410                           ;WriteSPI1@data_out stored from wreg
  1411  007C76  6E12               	movwf	WriteSPI1@data_out,c
  1412  007C78  CFC9 F011          	movff	4041,WriteSPI1@TempVar	;volatile
  1413  007C7C  969E               	bcf	3998,3,c	;volatile
  1414  007C7E  9EC6               	bcf	4038,7,c	;volatile
  1415  007C80  C012  FFC9         	movff	WriteSPI1@data_out,4041	;volatile
  1416  007C84  AEC6               	btfss	4038,7,c	;volatile
  1417  007C86  D002               	goto	l237
  1418  007C88  0EFF               	movlw	255
  1419  007C8A  0012               	return	
  1420  007C8C                     l237:
  1421  007C8C  A69E               	btfss	3998,3,c	;volatile
  1422  007C8E  D7FE               	goto	l237
  1423  007C90  0E00               	movlw	0
  1424  007C92  0012               	return	
  1425  007C94                     __end_of_WriteSPI1:
  1426                           	opt stack 0
  1427                           tblptru	equ	0xFF8
  1428                           tblptrh	equ	0xFF7
  1429                           tblptrl	equ	0xFF6
  1430                           tablat	equ	0xFF5
  1431                           postinc0	equ	0xFEE
  1432                           wreg	equ	0xFE8
  1433                           
  1434 ;; *************** function _OpenSPI1 *****************
  1435 ;; Defined at:
  1436 ;;		line 63 in file "/opt/microchip/xc8/v1.32/sources/pic18/plib/SPI/spi1open.c"
  1437 ;; Parameters:    Size  Location     Type
  1438 ;;  sync_mode       1    wreg     unsigned char 
  1439 ;;  bus_mode        1    0[COMRAM] unsigned char 
  1440 ;;  smp_phase       1    1[COMRAM] unsigned char 
  1441 ;; Auto vars:     Size  Location     Type
  1442 ;;  sync_mode       1    2[COMRAM] unsigned char 
  1443 ;; Return value:  Size  Location     Type
  1444 ;;		None               void
  1445 ;; Registers used:
  1446 ;;		wreg, status,2, status,0
  1447 ;; Tracked objects:
  1448 ;;		On entry : 0/0
  1449 ;;		On exit  : 0/0
  1450 ;;		Unchanged: 0/0
  1451 ;; Data sizes:     COMRAM   BANK0   BANK1   BANK2   BANK3   BANK4   BANK5   BANK6   BANK7
  1452 ;;      Params:         2       0       0       0       0       0       0       0       0
  1453 ;;      Locals:         1       0       0       0       0       0       0       0       0
  1454 ;;      Temps:          0       0       0       0       0       0       0       0       0
  1455 ;;      Totals:         3       0       0       0       0       0       0       0       0
  1456 ;;Total ram usage:        3 bytes
  1457 ;; Hardware stack levels used:    1
  1458 ;; This function calls:
  1459 ;;		Nothing
  1460 ;; This function is called by:
  1461 ;;		_Ini_nRF
  1462 ;; This function uses a non-reentrant model
  1463 ;;
  1464                           
  1465                           	psect	text12
  1466  007D84                     __ptext12:
  1467                           	opt stack 0
  1468  007D84                     _OpenSPI1:
  1469                           	opt stack 29
  1470                           
  1471                           ;incstack = 0
  1472                           ;OpenSPI1@sync_mode stored from wreg
  1473  007D84  6E13               	movwf	OpenSPI1@sync_mode,c
  1474  007D86  0E3F               	movlw	63
  1475  007D88  16C7               	andwf	4039,f,c	;volatile
  1476  007D8A  0E00               	movlw	0
  1477  007D8C  6EC6               	movwf	4038,c	;volatile
  1478  007D8E  5013               	movf	OpenSPI1@sync_mode,w,c
  1479  007D90  12C6               	iorwf	4038,f,c	;volatile
  1480  007D92  5012               	movf	OpenSPI1@smp_phase,w,c
  1481  007D94  12C7               	iorwf	4039,f,c	;volatile
  1482  007D96  D005               	goto	l875
  1483  007D98                     l190:
  1484  007D98  8CC7               	bsf	4039,6,c	;volatile
  1485  007D9A  D013               	goto	l879
  1486  007D9C                     l192:
  1487  007D9C  8CC7               	bsf	4039,6,c	;volatile
  1488  007D9E                     l193:
  1489  007D9E  88C6               	bsf	4038,4,c	;volatile
  1490  007DA0  D010               	goto	l879
  1491  007DA2                     l875:
  1492  007DA2  5011               	movf	OpenSPI1@bus_mode,w,c
  1493                           
  1494                           ; Switch size 1, requested type "space"
  1495                           ; Number of cases is 3, Range of values is 0 to 3
  1496                           ; switch strategies available:
  1497                           ; Name         Instructions Cycles
  1498                           ; simple_byte           10     6 (average)
  1499                           ;	Chosen strategy is simple_byte
  1500  007DA4  0A00               	xorlw	0	; case 0
  1501  007DA6  B4D8               	btfsc	status,2,c
  1502  007DA8  D7F7               	goto	l190
  1503  007DAA  0A02               	xorlw	2	; case 2
  1504  007DAC  B4D8               	btfsc	status,2,c
  1505  007DAE  D7F6               	goto	l192
  1506  007DB0  0A01               	xorlw	1	; case 3
  1507  007DB2  B4D8               	btfsc	status,2,c
  1508  007DB4  D7F4               	goto	l193
  1509  007DB6  D005               	goto	l879
  1510  007DB8                     l196:
  1511  007DB8  8A92               	bsf	3986,5,c	;volatile
  1512  007DBA                     l198:
  1513  007DBA  8493               	bsf	3987,2,c	;volatile
  1514  007DBC  D00A               	goto	l197
  1515  007DBE                     l199:
  1516  007DBE  9493               	bcf	3987,2,c	;volatile
  1517  007DC0  D008               	goto	l197
  1518  007DC2                     l879:
  1519  007DC2  5013               	movf	OpenSPI1@sync_mode,w,c
  1520                           
  1521                           ; Switch size 1, requested type "space"
  1522                           ; Number of cases is 2, Range of values is 4 to 5
  1523                           ; switch strategies available:
  1524                           ; Name         Instructions Cycles
  1525                           ; simple_byte            7     4 (average)
  1526                           ;	Chosen strategy is simple_byte
  1527  007DC4  0A04               	xorlw	4	; case 4
  1528  007DC6  B4D8               	btfsc	status,2,c
  1529  007DC8  D7F7               	goto	l196
  1530  007DCA  0A01               	xorlw	1	; case 5
  1531  007DCC  B4D8               	btfsc	status,2,c
  1532  007DCE  D7F5               	goto	l198
  1533  007DD0  D7F6               	goto	l199
  1534  007DD2                     l197:
  1535  007DD2  8093               	bsf	3987,0,c	;volatile
  1536  007DD4  9693               	bcf	3987,3,c	;volatile
  1537  007DD6  8AC6               	bsf	4038,5,c	;volatile
  1538  007DD8  0012               	return	
  1539  007DDA                     __end_of_OpenSPI1:
  1540                           	opt stack 0
  1541  0000                     tblptru	equ	0xFF8
  1542                           tblptrh	equ	0xFF7
  1543                           tblptrl	equ	0xFF6
  1544                           tablat	equ	0xFF5
  1545                           postinc0	equ	0xFEE
  1546                           wreg	equ	0xFE8
  1547                           status	equ	0xFD8
  1548                           tblptru	equ	0xFF8
  1549                           tblptrh	equ	0xFF7
  1550                           tblptrl	equ	0xFF6
  1551                           tablat	equ	0xFF5
  1552                           postinc0	equ	0xFEE
  1553                           wreg	equ	0xFE8
  1554                           status	equ	0xFD8
  1555                           
  1556                           	psect	rparam
  1557  0000                     tblptru	equ	0xFF8
  1558                           tblptrh	equ	0xFF7
  1559                           tblptrl	equ	0xFF6
  1560                           tablat	equ	0xFF5
  1561                           postinc0	equ	0xFEE
  1562                           wreg	equ	0xFE8
  1563                           status	equ	0xFD8


Data Sizes:
    Strings     0
    Constant    0
    Data        2
    BSS         16
    Persistent  0
    Stack       0

Auto Spaces:
    Space          Size  Autos    Used
    COMRAM           95      5      23
    BANK0           160      0       0
    BANK1           256      0       0
    BANK2           256      0       0
    BANK3           256      0       0
    BANK4           256      0       0
    BANK5           256      0       0
    BANK6           256      0       0
    BANK7           256      0       0

Pointer List with Targets:

    None.

Critical Paths under _main in COMRAM

    _main->_Ini_nRF
    _Write_Char_nRF->_WriteSPI1
    _TXmod_nRF->_WriteSPI1
    _Notificacion->_Led_parlante
    _Notificar_Buzzer->_delay_1s
    _Ini_nRF->_OpenSPI1

Critical Paths under _main in BANK0

    None.

Critical Paths under _main in BANK1

    None.

Critical Paths under _main in BANK2

    None.

Critical Paths under _main in BANK3

    None.

Critical Paths under _main in BANK4

    None.

Critical Paths under _main in BANK5

    None.

Critical Paths under _main in BANK6

    None.

Critical Paths under _main in BANK7

    None.

Call Graph Tables:

 ---------------------------------------------------------------------------------
 (Depth) Function   	        Calls       Base Space   Used Autos Params    Refs
 ---------------------------------------------------------------------------------
 (0) _main                                                 1     1      0     206
                                              4 COMRAM     1     1      0
                            _Ini_nRF
                         _Initialize
                       _Notificacion
                          _TXmod_nRF
                     _Write_Char_nRF
                           _delay_1s
 ---------------------------------------------------------------------------------
 (1) _Write_Char_nRF                                       1     1      0      30
                                              2 COMRAM     1     1      0
                          _WriteSPI1
 ---------------------------------------------------------------------------------
 (1) _TXmod_nRF                                            0     0      0      15
                          _WriteSPI1
 ---------------------------------------------------------------------------------
 (1) _Notificacion                                         0     0      0       0
                       _Led_parlante
                   _Notificar_Buzzer
 ---------------------------------------------------------------------------------
 (2) _Notificar_Buzzer                                     0     0      0       0
                           _delay_1s
 ---------------------------------------------------------------------------------
 (1) _delay_1s                                             1     1      0       0
                                              0 COMRAM     1     1      0
 ---------------------------------------------------------------------------------
 (2) _Led_parlante                                         1     1      0       0
                                              0 COMRAM     1     1      0
 ---------------------------------------------------------------------------------
 (1) _Initialize                                           0     0      0       0
              _OSCILLATOR_Initialize
                              _Pines
 ---------------------------------------------------------------------------------
 (2) _Pines                                                0     0      0       0
 ---------------------------------------------------------------------------------
 (2) _OSCILLATOR_Initialize                                0     0      0       0
 ---------------------------------------------------------------------------------
 (1) _Ini_nRF                                              1     1      0     161
                                              3 COMRAM     1     1      0
                           _OpenSPI1
                          _WriteSPI1
 ---------------------------------------------------------------------------------
 (2) _WriteSPI1                                            2     2      0      15
                                              0 COMRAM     2     2      0
 ---------------------------------------------------------------------------------
 (2) _OpenSPI1                                             3     1      2     146
                                              0 COMRAM     3     1      2
 ---------------------------------------------------------------------------------
 Estimated maximum stack depth 2
 ---------------------------------------------------------------------------------

 Call Graph Graphs:

 _main (ROOT)
   _Ini_nRF
     _OpenSPI1
     _WriteSPI1
   _Initialize
     _OSCILLATOR_Initialize
     _Pines
   _Notificacion
     _Led_parlante
     _Notificar_Buzzer
       _delay_1s
   _TXmod_nRF
     _WriteSPI1
   _Write_Char_nRF
     _WriteSPI1
   _delay_1s

 Address spaces:
Name               Size   Autos  Total    Cost      Usage
BIGRAM             7FF      0       0      21        0.0%
EEDATA             100      0       0       0        0.0%
BITBANK7           100      0       0      19        0.0%
BANK7              100      0       0      20        0.0%
BITBANK6           100      0       0      17        0.0%
BANK6              100      0       0      18        0.0%
BITBANK5           100      0       0      15        0.0%
BANK5              100      0       0      16        0.0%
BITBANK4           100      0       0      13        0.0%
BANK4              100      0       0      14        0.0%
BITBANK3           100      0       0      11        0.0%
BANK3              100      0       0      12        0.0%
BITBANK2           100      0       0       9        0.0%
BANK2              100      0       0      10        0.0%
BITBANK1           100      0       0       7        0.0%
BANK1              100      0       0       8        0.0%
BITBANK0            A0      0       0       4        0.0%
BANK0               A0      0       0       5        0.0%
BITCOMRAM           5F      0       0       0        0.0%
COMRAM              5F      5      17       1       24.2%
BITSFR_1             0      0       0      40        0.0%
SFR_1                0      0       0      40        0.0%
BITSFR               0      0       0      40        0.0%
SFR                  0      0       0      40        0.0%
STACK                0      0       0       2        0.0%
NULL                 0      0       0       0        0.0%
ABS                  0      0      17       6        0.0%
DATA                 0      0      17       3        0.0%
CODE                 0      0       0       0        0.0%


Microchip Technology PIC18 Macro Assembler V1.32 build 58300 
Symbol Table                                                                                   Wed Jul 17 03:43:08 2019

                            u57 7D4E                              u67 7D60                              u77 7CB0  
                            u87 7CBC                              u97 7CD2                              _dn 000B  
                ??_Led_parlante 0011                    __CFG_CP0$OFF 000000                    __CFG_CP1$OFF 000000  
                  __CFG_CP2$OFF 000000                    __CFG_CP3$OFF 000000                     __CFG_LVP$ON 000000  
                           l237 7C8C                             l190 7D98                             l192 7D9C  
                           l193 7D9E                             l196 7DB8                             l197 7DD2  
                           l198 7DBA                             l199 7DBE                             l875 7DA2  
                           l879 7DC2                    __CFG_CPB$OFF 000000                             u107 7CDA  
                           u117 7DE0                             u207 7E5E                             u127 7DEE  
                           u217 7E70                             u137 7DFC                             u307 7F00  
                           u227 7E80                             u147 7E0A                             u317 7F10  
                           u237 7E90                             u157 7E18                             u327 7F20  
                           u247 7EA0                             u167 7E26                             u337 7FF6  
                           u257 7EB0                             u177 7E34                    __CFG_CPD$OFF 000000  
                           u267 7EC0                             u187 7E42                             u277 7ED0  
                           u197 7E50                             u287 7EE0                             u297 7EF0  
                           _dn1 000D                             _dir 0003                             wreg 000FE8  
                          l1037 7D74                            _LATB 000F8A                            _dir0 0005  
                          _dir1 0007                            _dir2 0009                            _main 7D44  
                          _stat 000F                   __CFG_BORV$190 000000                            start 0000  
                 __CFG_IESO$OFF 000000                   __CFG_MCLRE$ON 000000                 __end_of_Ini_nRF 8000  
__size_of_OSCILLATOR_Initialize 0012   __end_of_OSCILLATOR_Initialize 7C76                           ?_main 0011  
                __CFG_DEBUG$OFF 000000                           _PORTA 000F80                           _PORTC 000F82  
                         _PORTE 000F84                           _TRISA 000F92                           _TRISB 000F93  
                 __CFG_WRT0$OFF 000000                   __CFG_WRT1$OFF 000000                   __CFG_WRT2$OFF 000000  
                 __CFG_WRT3$OFF 000000                  __CFG_EBTR0$OFF 000000                  __CFG_FCMEN$OFF 000000  
                __CFG_EBTR1$OFF 000000                           _Pines 7D0E                  __CFG_EBTR2$OFF 000000  
                __CFG_EBTR3$OFF 000000                   __CFG_WRTB$OFF 000000                   __CFG_WRTC$OFF 000000  
                 __CFG_WRTD$OFF 000000                  __CFG_EBTRB$OFF 000000                           _dummy 0016  
                         tablat 000FF5                           status 000FD8                  __CFG_T3CMX$RC0 000000  
                __CFG_ICPRT$OFF 000000                  __CFG_PBADEN$ON 000000                 __initialization 7CE0  
                  __end_of_main 7D84                  __CFG_PCLKEN$ON 000000                      _Initialize 7C42  
              __end_of_OpenSPI1 7DDA                          ??_main 0015                   __activetblptr 000002  
                __CFG_SDOMX$RB3 000000                          ?_Pines 0011                 __CFG_CCP2MX$RC1 000000  
       __size_of_Write_Char_nRF 0024                          _ACTCON 000FB5                          _ANSELA 000F5B  
                        _ANSELB 000F5C                          _ANSELC 000F5D                          _ANSELE 000F5F  
                __CFG_WDTEN$OFF 000000                          _OSCCON 000FD3            __end_of_Led_parlante 7F2A  
                     ??_Ini_nRF 0014              __size_of_TXmod_nRF 0028                __end_of_delay_1s 7E68  
                __CFG_XINST$OFF 000000                OpenSPI1@bus_mode 0011        __end_of_Notificar_Buzzer 7C64  
                __CFG_STVREN$ON 000000                          clear_0 7CE6                    __pdataCOMRAM 0016  
                        tblptrh 000FF7                          tblptrl 000FF6                          tblptru 000FF8  
          __CFG_LS48MHZ$SYS24X4 000000                      __accesstop 0060         __end_of__initialization 7D04  
            __size_of_WriteSPI1 001E                  __pcstackCOMRAM 0011                   __end_of_Pines 7D44  
              __CFG_nPWRTEN$OFF 000000                     ?_Initialize 0011               __end_of_TXmod_nRF 7CE0  
                       ??_Pines 0011                WriteSPI1@TempVar 0011                       ?_OpenSPI1 0011  
             __CFG_PLLSEL$PLL4X 000000                   ?_Notificacion 0011               __end_of_WriteSPI1 7C94  
                       _BYTE_RX 0001                       ?_delay_1s 0011                  _Write_Char_nRF 7C94  
                       _OSCCON2 000FD2                         _OSCTUNE 000F9B           __size_of_Led_parlante 00C2  
                       _SSP1BUF 000FC9             __size_of_Initialize 000A                         _Ini_nRF 7F2A  
                    ??_OpenSPI1 0013                         __Hparam 0000                         __Lparam 0000  
                ??_Notificacion 0012                         __pcinit 7CE0                         __ramtop 0800  
                       __ptext0 7D44                         __ptext1 7C94                         __ptext2 7CB8  
                       __ptext3 7C4C                         __ptext4 7C56                         __ptext5 7DDA  
                       __ptext6 7E68                         __ptext7 7C42                         __ptext8 7D0E  
                       __ptext9 7C64                    _Led_parlante 7E68          __end_of_Write_Char_nRF 7CB8  
         _OSCILLATOR_Initialize 7C64                      ??_delay_1s 0011            end_of_initialization 7D04  
                 __Lmediumconst 0000               OpenSPI1@smp_phase 0012                         postinc0 000FEE  
             ?_Notificar_Buzzer 0011               OpenSPI1@sync_mode 0013              ??_Notificar_Buzzer 0012  
                     _PORTBbits 000F81                 ?_Write_Char_nRF 0011                       _TRISAbits 000F92  
                     _TRISBbits 000F93                       _TRISCbits 000F94                       _TRISEbits 000F96  
                  ??_Initialize 0011                   __pidataCOMRAM 7C40          ?_OSCILLATOR_Initialize 0011  
           start_initialization 7CE0                       _TXmod_nRF 7CB8            __end_of_Notificacion 7C56  
               __CFG_nLPBOR$OFF 000000              __end_of_Initialize 7C4C               __size_of_OpenSPI1 0056  
                   __pbssCOMRAM 0001                       _WriteSPI1 7C76                      ?_TXmod_nRF 0011  
             __size_of_delay_1s 008E                        ?_Ini_nRF 0011               WriteSPI1@data_out 0012  
        Write_Char_nRF@caracter 0013                      ?_WriteSPI1 0011                  __size_of_Pines 0036  
                      _LATCbits 000F8B                        _LATEbits 000F8D                        _PIR1bits 000F9E  
              __CFG_WDTPS$32768 000000                        _SSP1CON1 000FC6                ??_Write_Char_nRF 0013  
                      _SSP1STAT 000FC7           __size_of_Notificacion 000A               __CFG_CFGPLLEN$OFF 000000  
                   ??_TXmod_nRF 0013       __size_of_Notificar_Buzzer 000E                        _OpenSPI1 7D84  
              __size_of_Ini_nRF 00D6                        __Hrparam 0000                        __Lrparam 0000  
            __CFG_BOREN$SBORDIS 000000         ??_OSCILLATOR_Initialize 0011                    _Notificacion 7C4C  
                      _delay_1s 7DDA                     ??_WriteSPI1 0011                        __ptext10 7F2A  
                      __ptext11 7C76                        __ptext12 7D84                    _SSP1CON1bits 000FC6  
                 __size_of_main 0040                    _SSP1STATbits 000FC7            __CFG_CPUDIV$NOCLKDIV 000000  
                 ?_Led_parlante 0011                _Notificar_Buzzer 7C56              __CFG_FOSC$INTOSCIO 000000  
